{
  "RSpec": {
    "coverage": {
      "/Users/mikecho/Development/Github/k_means_ruby/lib/k_means_ruby/algorithm.rb": [
        1,
        1,
        1,
        null,
        1,
        5,
        5,
        null,
        null,
        1,
        2,
        8,
        16,
        null,
        null,
        8,
        8,
        null,
        8,
        8,
        8,
        null,
        null,
        null,
        null,
        1,
        4,
        null,
        null,
        null
      ],
      "/Users/mikecho/Development/Github/k_means_ruby/lib/k_means_ruby/cluster.rb": [
        1,
        1,
        1,
        null,
        1,
        13,
        null,
        13,
        null,
        null,
        1,
        9,
        null,
        null,
        1,
        26,
        null,
        null,
        null
      ],
      "/Users/mikecho/Development/Github/k_means_ruby/lib/k_means_ruby/point.rb": [
        1,
        1,
        null,
        1,
        null,
        1,
        89,
        89,
        null,
        null,
        1,
        9,
        null,
        null,
        1,
        22,
        null,
        null,
        1,
        28,
        null,
        null,
        1,
        11,
        11,
        11,
        null,
        null,
        null
      ],
      "/Users/mikecho/Development/Github/k_means_ruby/lib/k_means_ruby/space.rb": [
        1,
        1,
        1,
        1,
        17,
        null,
        null,
        null,
        null
      ],
      "/Users/mikecho/Development/Github/k_means_ruby/lib/k_means_ruby.rb": [
        1,
        1,
        1,
        1,
        null
      ],
      "/Users/mikecho/Development/Github/k_means_ruby/spec/algorithm_spec.rb": [
        1,
        null,
        1,
        null,
        4,
        4,
        4,
        4,
        null,
        4,
        4,
        null,
        1,
        2,
        2,
        null,
        null,
        1,
        null,
        1,
        2,
        null,
        2,
        null,
        null,
        1,
        1,
        null,
        null,
        1,
        1,
        null,
        null,
        null,
        1,
        1,
        1,
        1,
        1,
        null,
        1,
        null,
        null,
        null,
        null
      ],
      "/Users/mikecho/Development/Github/k_means_ruby/spec/cluster_spec.rb": [
        1,
        null,
        1,
        null,
        5,
        4,
        3,
        null,
        1,
        1,
        1,
        1,
        1,
        null,
        null,
        null,
        1,
        1,
        1,
        1,
        null,
        null,
        null,
        1,
        1,
        1,
        1,
        null,
        1,
        null,
        1,
        1,
        null,
        null,
        1,
        1,
        1,
        null,
        1,
        null,
        1,
        1,
        1,
        null,
        null,
        null
      ],
      "/Users/mikecho/Development/Github/k_means_ruby/spec/k_means_ruby_spec.rb": [
        1,
        null,
        1,
        2,
        null
      ],
      "/Users/mikecho/Development/Github/k_means_ruby/spec/point_spec.rb": [
        1,
        null,
        1,
        null,
        4,
        4,
        null,
        1,
        2,
        2,
        2,
        null,
        null,
        1,
        1,
        1,
        1,
        null,
        null,
        null,
        1,
        1,
        1,
        1,
        null,
        1,
        null,
        1,
        1,
        null,
        null,
        1,
        1,
        1,
        null,
        1,
        null,
        1,
        null,
        null,
        null,
        1,
        1,
        1,
        1,
        null,
        1,
        1,
        null,
        null,
        1,
        1,
        1,
        null,
        1,
        null,
        null,
        null,
        1,
        1,
        1,
        null,
        1,
        1,
        null,
        null,
        1,
        1,
        null,
        1,
        1,
        null,
        null,
        1,
        1,
        null,
        1,
        1,
        1,
        null,
        null,
        null
      ],
      "/Users/mikecho/Development/Github/k_means_ruby/spec/space_spec.rb": [
        1,
        null,
        1,
        null,
        2,
        2,
        null,
        1,
        1,
        1,
        null,
        1,
        null,
        null,
        null
      ]
    },
    "timestamp": 1426286572
  }
}
